2023-05-18 13:05:294 INFO  HomePage :32 - Mouse hover on Buy and Sell[[ChromeDriver: chrome on WINDOWS (14b78c292b5528fa531bca2e8b17be45)] -> link text: buy + sell]
2023-05-18 13:05:521 INFO  HomePage :38 - Mouse hover and click on search cars[[ChromeDriver: chrome on WINDOWS (14b78c292b5528fa531bca2e8b17be45)] -> xpath: //a[contains(text(),'Search Cars')]]
2023-05-18 13:05:119 INFO  HomePage :32 - Mouse hover on Buy and Sell[[ChromeDriver: chrome on WINDOWS (2683d99e1f9d1b842737910706624015)] -> link text: buy + sell]
2023-05-18 13:05:453 INFO  HomePage :38 - Mouse hover and click on search cars[[ChromeDriver: chrome on WINDOWS (2683d99e1f9d1b842737910706624015)] -> xpath: //a[contains(text(),'Search Cars')]]
2023-05-18 13:05:638 INFO  HomePage :32 - Mouse hover on Buy and Sell[[ChromeDriver: chrome on WINDOWS (ada6943583dfb2241ac9e8b83e86f0b7)] -> link text: buy + sell]
2023-05-18 13:05:843 INFO  HomePage :38 - Mouse hover and click on search cars[[ChromeDriver: chrome on WINDOWS (ada6943583dfb2241ac9e8b83e86f0b7)] -> xpath: //a[contains(text(),'Search Cars')]]
2023-05-18 13:05:52 INFO  HomePage :32 - Mouse hover on Buy and Sell[[ChromeDriver: chrome on WINDOWS (8acae75e6997f6129ada791295f3ad2b)] -> link text: buy + sell]
2023-05-18 13:05:885 INFO  HomePage :38 - Mouse hover and click on search cars[[ChromeDriver: chrome on WINDOWS (8acae75e6997f6129ada791295f3ad2b)] -> xpath: //a[contains(text(),'Search Cars')]]
2023-05-18 13:05:510 INFO  HomePage :36 - Mouse hover on Buy and Sell[[ChromeDriver: chrome on WINDOWS (ba86e1202239631e59170db428a28445)] -> link text: buy + sell]
2023-05-18 13:05:250 INFO  HomePage :42 - Mouse hover and click on search cars[[ChromeDriver: chrome on WINDOWS (ba86e1202239631e59170db428a28445)] -> xpath: //a[contains(text(),'Search Cars')]]
2023-05-18 13:05:765 INFO  HomePage :52 - Mouse hover on Buy and Sell[[ChromeDriver: chrome on WINDOWS (5cdaab6bc9a7e21f13bcddcb034ff28c)] -> link text: buy + sell]
2023-05-18 13:05:303 INFO  HomePage :58 - Mouse hover and click on search cars[[ChromeDriver: chrome on WINDOWS (5cdaab6bc9a7e21f13bcddcb034ff28c)] -> xpath: //a[contains(text(),'Search Cars')]]
2023-05-18 13:05:549 INFO  HomePage :52 - Mouse hover on Buy and Sell[[ChromeDriver: chrome on WINDOWS (47499997876a07a36cbc4934ef61a707)] -> link text: buy + sell]
2023-05-18 13:05:791 INFO  HomePage :58 - Mouse hover and click on search cars[[ChromeDriver: chrome on WINDOWS (47499997876a07a36cbc4934ef61a707)] -> xpath: //a[contains(text(),'Search Cars')]]
2023-05-18 13:05:93 INFO  HomePage :52 - Mouse hover on Buy and Sell[[ChromeDriver: chrome on WINDOWS (4a19ad9e7806f329ef4e2a356c2372e5)] -> link text: buy + sell]
2023-05-18 13:05:970 INFO  HomePage :58 - Mouse hover and click on search cars[[ChromeDriver: chrome on WINDOWS (4a19ad9e7806f329ef4e2a356c2372e5)] -> xpath: //a[contains(text(),'Search Cars')]]
2023-05-18 13:05:500 INFO  HomePage :52 - Mouse hover on Buy and Sell[[ChromeDriver: chrome on WINDOWS (fb22a9b40457b02c803ae3def8c3c573)] -> link text: buy + sell]
2023-05-18 13:05:815 INFO  HomePage :58 - Mouse hover and click on search cars[[ChromeDriver: chrome on WINDOWS (fb22a9b40457b02c803ae3def8c3c573)] -> xpath: //a[contains(text(),'Search Cars')]]
2023-05-18 13:05:229 INFO  HomePage :52 - Mouse hover on Buy and Sell[[ChromeDriver: chrome on WINDOWS (9f93213e0c646f139e763726138b6da8)] -> link text: buy + sell]
2023-05-18 13:05:455 INFO  HomePage :58 - Mouse hover and click on search cars[[ChromeDriver: chrome on WINDOWS (9f93213e0c646f139e763726138b6da8)] -> xpath: //a[contains(text(),'Search Cars')]]
2023-05-18 14:05:603 INFO  HomePage :32 - Mouse hover on Buy and Sell[[ChromeDriver: chrome on WINDOWS (c0151c248d50f9a2175fe7e4f0c25505)] -> link text: buy + sell]
2023-05-18 14:05:835 INFO  HomePage :38 - Mouse hover and click on search cars[[ChromeDriver: chrome on WINDOWS (c0151c248d50f9a2175fe7e4f0c25505)] -> xpath: //a[contains(text(),'Search Cars')]]
2023-05-18 14:05:672 INFO  HomePage :32 - Mouse hover on Buy and Sell[[ChromeDriver: chrome on WINDOWS (9c3483d6d769e327d233da6e46723a24)] -> link text: buy + sell]
2023-05-18 14:05:887 INFO  HomePage :38 - Mouse hover and click on search cars[[ChromeDriver: chrome on WINDOWS (9c3483d6d769e327d233da6e46723a24)] -> xpath: //a[contains(text(),'Search Cars')]]
2023-05-18 14:05:897 INFO  NewUsedCarPage :68 - Verify the result :[[ChromeDriver: chrome on WINDOWS (9c3483d6d769e327d233da6e46723a24)] -> xpath: //h1[@class='listing-search-title']]
2023-05-18 14:05:116 INFO  HomePage :32 - Mouse hover on Buy and Sell[[ChromeDriver: chrome on WINDOWS (7d02eb99e40772ae779efc8529576c06)] -> link text: buy + sell]
2023-05-18 14:05:504 INFO  HomePage :38 - Mouse hover and click on search cars[[ChromeDriver: chrome on WINDOWS (7d02eb99e40772ae779efc8529576c06)] -> xpath: //a[contains(text(),'Search Cars')]]
2023-05-18 14:05:691 INFO  HomePage :32 - Mouse hover on Buy and Sell[[ChromeDriver: chrome on WINDOWS (f8ffb20dc1abfa2f82b08c96cafb946d)] -> link text: buy + sell]
2023-05-18 14:05:425 INFO  HomePage :38 - Mouse hover and click on search cars[[ChromeDriver: chrome on WINDOWS (f8ffb20dc1abfa2f82b08c96cafb946d)] -> xpath: //a[contains(text(),'Search Cars')]]
2023-05-18 14:05:804 INFO  HomePage :32 - Mouse hover on Buy and Sell[[ChromeDriver: chrome on WINDOWS (e0e994c4046cc0417556af97162c7255)] -> link text: buy + sell]
2023-05-18 14:05:768 INFO  HomePage :38 - Mouse hover and click on search cars[[ChromeDriver: chrome on WINDOWS (e0e994c4046cc0417556af97162c7255)] -> xpath: //a[contains(text(),'Search Cars')]]
2023-05-18 14:05:696 INFO  NewUsedCarPage :68 - Verify the result :[[ChromeDriver: chrome on WINDOWS (e0e994c4046cc0417556af97162c7255)] -> xpath: //h1[@class='listing-search-title']]
2023-05-18 14:05:508 INFO  HomePage :32 - Mouse hover on Buy and Sell[[ChromeDriver: chrome on WINDOWS (622866106cf1212f24ad6ba5d1c6f020)] -> link text: buy + sell]
2023-05-18 14:05:170 INFO  HomePage :38 - Mouse hover and click on search cars[[ChromeDriver: chrome on WINDOWS (622866106cf1212f24ad6ba5d1c6f020)] -> xpath: //a[contains(text(),'Search Cars')]]
2023-05-18 14:05:732 INFO  HomePage :32 - Mouse hover on Buy and Sell[[ChromeDriver: chrome on WINDOWS (84cb9c6d60a588b128b46cf500237324)] -> link text: buy + sell]
2023-05-18 14:05:620 INFO  HomePage :38 - Mouse hover and click on search cars[[ChromeDriver: chrome on WINDOWS (84cb9c6d60a588b128b46cf500237324)] -> xpath: //a[contains(text(),'Search Cars')]]
2023-05-18 14:05:444 INFO  NewUsedCarPage :68 - Verify the result :[[ChromeDriver: chrome on WINDOWS (84cb9c6d60a588b128b46cf500237324)] -> xpath: //h1[@class='listing-search-title']]
2023-05-18 14:05:239 INFO  HomePage :32 - Mouse hover on Buy and Sell[[ChromeDriver: chrome on WINDOWS (3709854e865acafce55fd1e6bca56eea)] -> link text: buy + sell]
2023-05-18 14:05:540 INFO  HomePage :38 - Mouse hover and click on search cars[[ChromeDriver: chrome on WINDOWS (3709854e865acafce55fd1e6bca56eea)] -> xpath: //a[contains(text(),'Search Cars')]]
2023-05-18 14:05:864 INFO  HomePage :32 - Mouse hover on Buy and Sell[[ChromeDriver: chrome on WINDOWS (b63cff2efad6808f97fa91a98ab8708c)] -> link text: buy + sell]
2023-05-18 14:05:565 INFO  HomePage :38 - Mouse hover and click on search cars[[ChromeDriver: chrome on WINDOWS (b63cff2efad6808f97fa91a98ab8708c)] -> xpath: //a[contains(text(),'Search Cars')]]
2023-05-18 14:05:213 INFO  NewUsedCarPage :68 - Verify the result :[[ChromeDriver: chrome on WINDOWS (b63cff2efad6808f97fa91a98ab8708c)] -> xpath: //h1[@class='listing-search-title']]
2023-05-18 14:05:77 INFO  HomePage :32 - Mouse hover on Buy and Sell[[ChromeDriver: chrome on WINDOWS (e047f57e0b96dfcbdfc09bb108ebaec4)] -> link text: buy + sell]
2023-05-18 14:05:841 INFO  HomePage :38 - Mouse hover and click on search cars[[ChromeDriver: chrome on WINDOWS (e047f57e0b96dfcbdfc09bb108ebaec4)] -> xpath: //a[contains(text(),'Search Cars')]]
2023-05-18 14:05:590 INFO  NewUsedCarPage :68 - Verify the result :[[ChromeDriver: chrome on WINDOWS (e047f57e0b96dfcbdfc09bb108ebaec4)] -> xpath: //h1[@class='listing-search-title']]
2023-05-18 14:05:590 INFO  HomePage :32 - Mouse hover on Buy and Sell[[ChromeDriver: chrome on WINDOWS (0371ddc68d62fa001814a2b82de7872f)] -> link text: buy + sell]
2023-05-18 14:05:867 INFO  HomePage :38 - Mouse hover and click on search cars[[ChromeDriver: chrome on WINDOWS (0371ddc68d62fa001814a2b82de7872f)] -> xpath: //a[contains(text(),'Search Cars')]]
2023-05-18 14:05:944 INFO  NewUsedCarPage :68 - Verify the result :[[ChromeDriver: chrome on WINDOWS (0371ddc68d62fa001814a2b82de7872f)] -> xpath: //h1[@class='listing-search-title']]
2023-05-18 14:05:291 INFO  HomePage :32 - Mouse hover on Buy and Sell[[ChromeDriver: chrome on WINDOWS (085100056c416f18640d9f9342ab1fad)] -> link text: buy + sell]
2023-05-18 14:05:671 INFO  HomePage :38 - Mouse hover and click on search cars[[ChromeDriver: chrome on WINDOWS (085100056c416f18640d9f9342ab1fad)] -> xpath: //a[contains(text(),'Search Cars')]]
2023-05-18 14:05:59 INFO  NewUsedCarPage :68 - Verify the result :[[ChromeDriver: chrome on WINDOWS (085100056c416f18640d9f9342ab1fad)] -> xpath: //h1[@class='listing-search-title']]
2023-05-18 14:05:152 INFO  HomePage :32 - Mouse hover on Buy and Sell[[ChromeDriver: chrome on WINDOWS (3f54c539a0d82b51297b0097fd3ed876)] -> link text: buy + sell]
2023-05-18 14:05:698 INFO  HomePage :38 - Mouse hover and click on search cars[[ChromeDriver: chrome on WINDOWS (3f54c539a0d82b51297b0097fd3ed876)] -> xpath: //a[contains(text(),'Search Cars')]]
2023-05-18 14:05:02 INFO  NewUsedCarPage :68 - Verify the result :[[ChromeDriver: chrome on WINDOWS (3f54c539a0d82b51297b0097fd3ed876)] -> xpath: //h1[@class='listing-search-title']]
2023-05-18 14:05:638 INFO  HomePage :32 - Mouse hover on Buy and Sell[[ChromeDriver: chrome on WINDOWS (a4275c50238c78c7b9a85b4b8b5cb5c3)] -> link text: buy + sell]
2023-05-18 14:05:945 INFO  HomePage :38 - Mouse hover and click on search cars[[ChromeDriver: chrome on WINDOWS (a4275c50238c78c7b9a85b4b8b5cb5c3)] -> xpath: //a[contains(text(),'Search Cars')]]
2023-05-18 14:05:356 INFO  NewUsedCarPage :68 - Verify the result :[[ChromeDriver: chrome on WINDOWS (a4275c50238c78c7b9a85b4b8b5cb5c3)] -> xpath: //h1[@class='listing-search-title']]
2023-05-18 14:05:19 INFO  HomePage :32 - Mouse hover on Buy and Sell[[ChromeDriver: chrome on WINDOWS (0364650c43831756000a7617386feb31)] -> link text: buy + sell]
2023-05-18 14:05:453 INFO  HomePage :38 - Mouse hover and click on search cars[[ChromeDriver: chrome on WINDOWS (0364650c43831756000a7617386feb31)] -> xpath: //a[contains(text(),'Search Cars')]]
2023-05-18 14:05:496 INFO  HomePage :32 - Mouse hover on Buy and Sell[[ChromeDriver: chrome on WINDOWS (10f2f1f97087f66ca7328094cf8c1794)] -> link text: buy + sell]
2023-05-18 14:05:417 INFO  HomePage :38 - Mouse hover and click on search cars[[ChromeDriver: chrome on WINDOWS (10f2f1f97087f66ca7328094cf8c1794)] -> xpath: //a[contains(text(),'Search Cars')]]
2023-05-18 14:05:853 INFO  NewUsedCarPage :68 - Verify the result :[[ChromeDriver: chrome on WINDOWS (10f2f1f97087f66ca7328094cf8c1794)] -> xpath: //h1[@class='listing-search-title']]
2023-05-18 14:05:300 INFO  HomePage :32 - Mouse hover on Buy and Sell[[ChromeDriver: chrome on WINDOWS (519fe62ac4ed0d218cf3fe6ef6097aa5)] -> link text: buy + sell]
2023-05-18 14:05:839 INFO  HomePage :38 - Mouse hover and click on search cars[[ChromeDriver: chrome on WINDOWS (519fe62ac4ed0d218cf3fe6ef6097aa5)] -> xpath: //a[contains(text(),'Search Cars')]]
2023-05-18 14:05:630 INFO  NewUsedCarPage :68 - Verify the result :[[ChromeDriver: chrome on WINDOWS (519fe62ac4ed0d218cf3fe6ef6097aa5)] -> xpath: //h1[@class='listing-search-title']]
2023-05-18 14:05:552 INFO  HomePage :32 - Mouse hover on Buy and Sell[[ChromeDriver: chrome on WINDOWS (bdef9f0f997895ec16c7437f4530afd1)] -> link text: buy + sell]
2023-05-18 14:05:615 INFO  HomePage :38 - Mouse hover and click on search cars[[ChromeDriver: chrome on WINDOWS (bdef9f0f997895ec16c7437f4530afd1)] -> xpath: //a[contains(text(),'Search Cars')]]
2023-05-18 14:05:401 INFO  NewUsedCarPage :68 - Verify the result :[[ChromeDriver: chrome on WINDOWS (bdef9f0f997895ec16c7437f4530afd1)] -> xpath: //h1[@class='listing-search-title']]
2023-05-18 14:05:949 INFO  HomePage :32 - Mouse hover on Buy and Sell[[ChromeDriver: chrome on WINDOWS (209147c50b1bc55c20c31520daa80b61)] -> link text: buy + sell]
2023-05-18 14:05:408 INFO  HomePage :38 - Mouse hover and click on search cars[[ChromeDriver: chrome on WINDOWS (209147c50b1bc55c20c31520daa80b61)] -> xpath: //a[contains(text(),'Search Cars')]]
2023-05-18 14:05:761 INFO  NewUsedCarPage :68 - Verify the result :[[ChromeDriver: chrome on WINDOWS (209147c50b1bc55c20c31520daa80b61)] -> xpath: //h1[@class='listing-search-title']]
2023-05-18 14:05:138 INFO  HomePage :32 - Mouse hover on Buy and Sell[[ChromeDriver: chrome on WINDOWS (b76781ec2abb4d13441419ef134a46bd)] -> link text: buy + sell]
2023-05-18 14:05:432 INFO  HomePage :38 - Mouse hover and click on search cars[[ChromeDriver: chrome on WINDOWS (b76781ec2abb4d13441419ef134a46bd)] -> xpath: //a[contains(text(),'Search Cars')]]
2023-05-18 14:05:654 INFO  NewUsedCarPage :68 - Verify the result :[[ChromeDriver: chrome on WINDOWS (b76781ec2abb4d13441419ef134a46bd)] -> xpath: //h1[@class='listing-search-title']]
2023-05-18 14:05:651 INFO  HomePage :32 - Mouse hover on Buy and Sell[[ChromeDriver: chrome on WINDOWS (01437697fd17d38c0ed3955296711e01)] -> link text: buy + sell]
2023-05-18 14:05:732 INFO  HomePage :38 - Mouse hover and click on search cars[[ChromeDriver: chrome on WINDOWS (01437697fd17d38c0ed3955296711e01)] -> xpath: //a[contains(text(),'Search Cars')]]
2023-05-18 14:05:199 INFO  NewUsedCarPage :68 - Verify the result :[[ChromeDriver: chrome on WINDOWS (01437697fd17d38c0ed3955296711e01)] -> xpath: //h1[@class='listing-search-title']]
2023-05-18 14:05:846 INFO  HomePage :32 - Mouse hover on Buy and Sell[[ChromeDriver: chrome on WINDOWS (82dbda175ac0097481777819995cce2e)] -> link text: buy + sell]
2023-05-18 14:05:68 INFO  HomePage :38 - Mouse hover and click on search cars[[ChromeDriver: chrome on WINDOWS (82dbda175ac0097481777819995cce2e)] -> xpath: //a[contains(text(),'Search Cars')]]
2023-05-18 14:05:878 INFO  NewUsedCarPage :68 - Verify the result :[[ChromeDriver: chrome on WINDOWS (82dbda175ac0097481777819995cce2e)] -> xpath: //h1[@class='listing-search-title']]
2023-05-18 14:05:513 INFO  HomePage :32 - Mouse hover on Buy and Sell[[ChromeDriver: chrome on WINDOWS (a51f87a1541d4f14d38740f68cef68f7)] -> link text: buy + sell]
2023-05-18 14:05:774 INFO  HomePage :38 - Mouse hover and click on search cars[[ChromeDriver: chrome on WINDOWS (a51f87a1541d4f14d38740f68cef68f7)] -> xpath: //a[contains(text(),'Search Cars')]]
2023-05-18 14:05:23 INFO  NewUsedCarPage :68 - Verify the result :[[ChromeDriver: chrome on WINDOWS (a51f87a1541d4f14d38740f68cef68f7)] -> xpath: //h1[@class='listing-search-title']]
2023-05-18 14:05:846 INFO  HomePage :32 - Mouse hover on Buy and Sell[[ChromeDriver: chrome on WINDOWS (0a05eaac814452c16997c05c490179de)] -> link text: buy + sell]
2023-05-18 14:05:156 INFO  HomePage :38 - Mouse hover and click on search cars[[ChromeDriver: chrome on WINDOWS (0a05eaac814452c16997c05c490179de)] -> xpath: //a[contains(text(),'Search Cars')]]
2023-05-18 14:05:454 INFO  NewUsedCarPage :68 - Verify the result :[[ChromeDriver: chrome on WINDOWS (0a05eaac814452c16997c05c490179de)] -> xpath: //h1[@class='listing-search-title']]
2023-05-18 14:05:385 INFO  HomePage :36 - Mouse hover on Buy and Sell[[ChromeDriver: chrome on WINDOWS (c0dae3c26597640acd7f8ccfb90893b1)] -> link text: buy + sell]
2023-05-18 14:05:62 INFO  HomePage :36 - Mouse hover on Buy and Sell[[ChromeDriver: chrome on WINDOWS (2a68aa9cb0af2d6fc1c66a70d61ca224)] -> link text: buy + sell]
2023-05-18 14:05:356 INFO  NewUsedCarPage :68 - Verify the result :[[ChromeDriver: chrome on WINDOWS (2a68aa9cb0af2d6fc1c66a70d61ca224)] -> xpath: //h1[@class='listing-search-title']]
2023-05-18 15:05:53 INFO  HomePage :36 - Mouse hover on Buy and Sell[[ChromeDriver: chrome on WINDOWS (72bbee690317fb8803d09748bd2360cb)] -> link text: buy + sell]
2023-05-18 15:05:182 INFO  NewUsedCarPage :68 - Verify the result :[[ChromeDriver: chrome on WINDOWS (72bbee690317fb8803d09748bd2360cb)] -> xpath: //h1[@class='listing-search-title']]
2023-05-18 15:05:648 INFO  HomePage :36 - Mouse hover on Buy and Sell[[ChromeDriver: chrome on WINDOWS (bf00469f821ec119376cd07ec23982a4)] -> link text: buy + sell]
2023-05-18 15:05:273 INFO  NewUsedCarPage :68 - Verify the result :[[ChromeDriver: chrome on WINDOWS (bf00469f821ec119376cd07ec23982a4)] -> xpath: //h1[@class='listing-search-title']]
2023-05-18 15:05:999 INFO  HomePage :36 - Mouse hover on Buy and Sell[[ChromeDriver: chrome on WINDOWS (c4f8ead9ae00e5794d63437d87395ffe)] -> link text: buy + sell]
2023-05-18 15:05:729 INFO  NewUsedCarPage :68 - Verify the result :[[ChromeDriver: chrome on WINDOWS (c4f8ead9ae00e5794d63437d87395ffe)] -> xpath: //h1[@class='listing-search-title']]
2023-05-18 15:05:866 INFO  HomePage :36 - Mouse hover on Buy and Sell[[ChromeDriver: chrome on WINDOWS (1fdd38d76638c75d19f2110f0e7162d1)] -> link text: buy + sell]
2023-05-18 15:05:284 INFO  NewUsedCarPage :68 - Verify the result :[[ChromeDriver: chrome on WINDOWS (1fdd38d76638c75d19f2110f0e7162d1)] -> xpath: //h1[@class='listing-search-title']]
2023-05-18 15:05:809 INFO  HomePage :36 - Mouse hover on Buy and Sell[[ChromeDriver: chrome on WINDOWS (e53aa9e49b3eb049c4384f6d5d836b9b)] -> link text: buy + sell]
2023-05-18 15:05:184 INFO  NewUsedCarPage :68 - Verify the result :[[ChromeDriver: chrome on WINDOWS (e53aa9e49b3eb049c4384f6d5d836b9b)] -> xpath: //h1[@class='listing-search-title']]
2023-05-18 15:05:80 INFO  HomePage :36 - Mouse hover on Buy and Sell[[ChromeDriver: chrome on WINDOWS (d19d7cfb079ceda487c61d417713f8bf)] -> link text: buy + sell]
2023-05-18 15:05:503 INFO  HomePage :36 - Mouse hover on Buy and Sell[[ChromeDriver: chrome on WINDOWS (826bc7653faab9b4d3e7134d40a83a12)] -> link text: buy + sell]
2023-05-18 15:05:195 INFO  NewUsedCarPage :68 - Verify the result :[[ChromeDriver: chrome on WINDOWS (826bc7653faab9b4d3e7134d40a83a12)] -> xpath: //h1[@class='listing-search-title']]
2023-05-18 15:05:464 INFO  HomePage :36 - Mouse hover on Buy and Sell[[ChromeDriver: chrome on WINDOWS (96fc997121f942c5f8b832b673db6bd3)] -> link text: buy + sell]
2023-05-18 15:05:100 INFO  NewUsedCarPage :68 - Verify the result :[[ChromeDriver: chrome on WINDOWS (96fc997121f942c5f8b832b673db6bd3)] -> xpath: //h1[@class='listing-search-title']]
2023-05-18 15:05:705 INFO  HomePage :36 - Mouse hover on Buy and Sell[[ChromeDriver: chrome on WINDOWS (b9ac7ae0cf6e91dc0c8607aa9fedf3ba)] -> link text: buy + sell]
2023-05-18 18:05:883 INFO  HomePage :36 - Mouse hover on Buy and Sell[[ChromeDriver: chrome on WINDOWS (0b005ab1c50dcd5606716f96d2d2b9dd)] -> link text: buy + sell]
2023-05-18 18:05:170 INFO  HomePage :36 - Mouse hover on Buy and Sell[[ChromeDriver: chrome on WINDOWS (d8c2c048deba44e60bb6601152785ccc)] -> link text: buy + sell]
2023-05-18 18:05:513 INFO  HomePage :42 - Mouse hover and click on search cars[[ChromeDriver: chrome on WINDOWS (d8c2c048deba44e60bb6601152785ccc)] -> xpath: //a[contains(text(),'Search Cars')]]
2023-05-18 18:05:719 INFO  NewUsedCarPage :47 - Select car make :[[ChromeDriver: chrome on WINDOWS (d8c2c048deba44e60bb6601152785ccc)] -> id: makes]
2023-05-18 18:05:429 INFO  NewUsedCarPage :51 - Select Car Model [[ChromeDriver: chrome on WINDOWS (d8c2c048deba44e60bb6601152785ccc)] -> id: models]
2023-05-18 18:05:578 INFO  NewUsedCarPage :55 - Select location form drop down :[[ChromeDriver: chrome on WINDOWS (d8c2c048deba44e60bb6601152785ccc)] -> id: locations]
2023-05-18 18:05:689 INFO  NewUsedCarPage :59 - Select price from dropdown :[[ChromeDriver: chrome on WINDOWS (d8c2c048deba44e60bb6601152785ccc)] -> id: priceTo]
2023-05-18 18:05:783 INFO  NewUsedCarPage :63 - Click on find next Car :[[ChromeDriver: chrome on WINDOWS (d8c2c048deba44e60bb6601152785ccc)] -> id: search-submit]
2023-05-18 18:05:974 INFO  NewUsedCarPage :68 - Verify the result :[[ChromeDriver: chrome on WINDOWS (d8c2c048deba44e60bb6601152785ccc)] -> xpath: //h1[@class='listing-search-title']]
2023-05-18 18:05:874 INFO  HomePage :36 - Mouse hover on Buy and Sell[[ChromeDriver: chrome on WINDOWS (829bc415fd92942ff499eee35ff258cb)] -> link text: buy + sell]
2023-05-18 18:05:397 INFO  HomePage :42 - Mouse hover and click on search cars[[ChromeDriver: chrome on WINDOWS (829bc415fd92942ff499eee35ff258cb)] -> xpath: //a[contains(text(),'Search Cars')]]
2023-05-18 18:05:532 INFO  NewUsedCarPage :47 - Select car make :[[ChromeDriver: chrome on WINDOWS (829bc415fd92942ff499eee35ff258cb)] -> id: makes]
2023-05-18 18:05:916 INFO  NewUsedCarPage :51 - Select Car Model [[ChromeDriver: chrome on WINDOWS (829bc415fd92942ff499eee35ff258cb)] -> id: models]
2023-05-18 18:05:280 INFO  NewUsedCarPage :55 - Select location form drop down :[[ChromeDriver: chrome on WINDOWS (829bc415fd92942ff499eee35ff258cb)] -> id: locations]
2023-05-18 18:05:430 INFO  NewUsedCarPage :59 - Select price from dropdown :[[ChromeDriver: chrome on WINDOWS (829bc415fd92942ff499eee35ff258cb)] -> id: priceTo]
2023-05-18 18:05:550 INFO  NewUsedCarPage :63 - Click on find next Car :[[ChromeDriver: chrome on WINDOWS (829bc415fd92942ff499eee35ff258cb)] -> id: search-submit]
2023-05-18 18:05:73 INFO  NewUsedCarPage :68 - Verify the result :[[ChromeDriver: chrome on WINDOWS (829bc415fd92942ff499eee35ff258cb)] -> xpath: //h1[@class='listing-search-title']]
2023-05-18 18:05:965 INFO  HomePage :36 - Mouse hover on Buy and Sell[[ChromeDriver: chrome on WINDOWS (7d11e030019751c7a9a93ad5451ccd59)] -> link text: buy + sell]
2023-05-18 18:05:173 INFO  HomePage :42 - Mouse hover and click on search cars[[ChromeDriver: chrome on WINDOWS (7d11e030019751c7a9a93ad5451ccd59)] -> xpath: //a[contains(text(),'Search Cars')]]
2023-05-18 18:05:372 INFO  NewUsedCarPage :47 - Select car make :[[ChromeDriver: chrome on WINDOWS (7d11e030019751c7a9a93ad5451ccd59)] -> id: makes]
2023-05-18 18:05:342 INFO  HomePage :36 - Mouse hover on Buy and Sell[[ChromeDriver: chrome on WINDOWS (5fc4344b61f2ad326a0f63d7c28c376c)] -> link text: buy + sell]
2023-05-18 18:05:326 INFO  HomePage :42 - Mouse hover and click on search cars[[ChromeDriver: chrome on WINDOWS (5fc4344b61f2ad326a0f63d7c28c376c)] -> xpath: //a[contains(text(),'Search Cars')]]
2023-05-18 18:05:669 INFO  NewUsedCarPage :47 - Select car make :[[ChromeDriver: chrome on WINDOWS (5fc4344b61f2ad326a0f63d7c28c376c)] -> id: makes]
2023-05-18 18:05:805 INFO  NewUsedCarPage :51 - Select Car Model [[ChromeDriver: chrome on WINDOWS (5fc4344b61f2ad326a0f63d7c28c376c)] -> id: models]
2023-05-18 18:05:945 INFO  NewUsedCarPage :55 - Select location form drop down :[[ChromeDriver: chrome on WINDOWS (5fc4344b61f2ad326a0f63d7c28c376c)] -> id: locations]
2023-05-18 18:05:93 INFO  NewUsedCarPage :59 - Select price from dropdown :[[ChromeDriver: chrome on WINDOWS (5fc4344b61f2ad326a0f63d7c28c376c)] -> id: priceTo]
2023-05-18 18:05:242 INFO  NewUsedCarPage :63 - Click on find next Car :[[ChromeDriver: chrome on WINDOWS (5fc4344b61f2ad326a0f63d7c28c376c)] -> id: search-submit]
2023-05-18 18:05:612 INFO  NewUsedCarPage :68 - Verify the result :[[ChromeDriver: chrome on WINDOWS (5fc4344b61f2ad326a0f63d7c28c376c)] -> xpath: //h1[@class='listing-search-title']]
2023-05-18 18:05:150 INFO  HomePage :36 - Mouse hover on Buy and Sell[[ChromeDriver: chrome on WINDOWS (24516e1091a68aa5e1b4bc29af4c8f8b)] -> link text: buy + sell]
2023-05-18 18:05:396 INFO  HomePage :42 - Mouse hover and click on search cars[[ChromeDriver: chrome on WINDOWS (24516e1091a68aa5e1b4bc29af4c8f8b)] -> xpath: //a[contains(text(),'Search Cars')]]
2023-05-18 18:05:23 INFO  NewUsedCarPage :47 - Select car make :[[ChromeDriver: chrome on WINDOWS (24516e1091a68aa5e1b4bc29af4c8f8b)] -> id: makes]
2023-05-18 18:05:45 INFO  NewUsedCarPage :51 - Select Car Model [[ChromeDriver: chrome on WINDOWS (24516e1091a68aa5e1b4bc29af4c8f8b)] -> id: models]
2023-05-18 18:05:179 INFO  NewUsedCarPage :55 - Select location form drop down :[[ChromeDriver: chrome on WINDOWS (24516e1091a68aa5e1b4bc29af4c8f8b)] -> id: locations]
2023-05-18 18:05:322 INFO  NewUsedCarPage :59 - Select price from dropdown :[[ChromeDriver: chrome on WINDOWS (24516e1091a68aa5e1b4bc29af4c8f8b)] -> id: priceTo]
2023-05-18 18:05:463 INFO  NewUsedCarPage :63 - Click on find next Car :[[ChromeDriver: chrome on WINDOWS (24516e1091a68aa5e1b4bc29af4c8f8b)] -> id: search-submit]
2023-05-18 18:05:636 INFO  NewUsedCarPage :68 - Verify the result :[[ChromeDriver: chrome on WINDOWS (24516e1091a68aa5e1b4bc29af4c8f8b)] -> xpath: //h1[@class='listing-search-title']]
2023-05-18 18:05:110 INFO  HomePage :36 - Mouse hover on Buy and Sell[[ChromeDriver: chrome on WINDOWS (fbb72aff17071c535d70bb138c700291)] -> link text: buy + sell]
2023-05-18 18:05:660 INFO  HomePage :42 - Mouse hover and click on search cars[[ChromeDriver: chrome on WINDOWS (fbb72aff17071c535d70bb138c700291)] -> xpath: //a[contains(text(),'Search Cars')]]
2023-05-18 18:05:32 INFO  NewUsedCarPage :47 - Select car make :[[ChromeDriver: chrome on WINDOWS (fbb72aff17071c535d70bb138c700291)] -> id: makes]
2023-05-18 18:05:149 INFO  NewUsedCarPage :51 - Select Car Model [[ChromeDriver: chrome on WINDOWS (fbb72aff17071c535d70bb138c700291)] -> id: models]
2023-05-18 18:05:293 INFO  NewUsedCarPage :55 - Select location form drop down :[[ChromeDriver: chrome on WINDOWS (fbb72aff17071c535d70bb138c700291)] -> id: locations]
2023-05-18 18:05:444 INFO  NewUsedCarPage :59 - Select price from dropdown :[[ChromeDriver: chrome on WINDOWS (fbb72aff17071c535d70bb138c700291)] -> id: priceTo]
2023-05-18 18:05:574 INFO  NewUsedCarPage :63 - Click on find next Car :[[ChromeDriver: chrome on WINDOWS (fbb72aff17071c535d70bb138c700291)] -> id: search-submit]
2023-05-18 18:05:161 INFO  NewUsedCarPage :68 - Verify the result :[[ChromeDriver: chrome on WINDOWS (fbb72aff17071c535d70bb138c700291)] -> xpath: //h1[@class='listing-search-title']]
2023-05-18 18:05:175 INFO  HomePage :36 - Mouse hover on Buy and Sell[[ChromeDriver: chrome on WINDOWS (db3dba791431fafe94833b41fadfed9b)] -> link text: buy + sell]
2023-05-18 18:05:848 INFO  HomePage :42 - Mouse hover and click on search cars[[ChromeDriver: chrome on WINDOWS (db3dba791431fafe94833b41fadfed9b)] -> xpath: //a[contains(text(),'Search Cars')]]
2023-05-18 18:05:910 INFO  NewUsedCarPage :47 - Select car make :[[ChromeDriver: chrome on WINDOWS (db3dba791431fafe94833b41fadfed9b)] -> id: makes]
2023-05-18 18:05:288 INFO  NewUsedCarPage :51 - Select Car Model [[ChromeDriver: chrome on WINDOWS (db3dba791431fafe94833b41fadfed9b)] -> id: models]
2023-05-18 18:05:432 INFO  NewUsedCarPage :55 - Select location form drop down :[[ChromeDriver: chrome on WINDOWS (db3dba791431fafe94833b41fadfed9b)] -> id: locations]
2023-05-18 18:05:565 INFO  NewUsedCarPage :59 - Select price from dropdown :[[ChromeDriver: chrome on WINDOWS (db3dba791431fafe94833b41fadfed9b)] -> id: priceTo]
2023-05-18 18:05:712 INFO  NewUsedCarPage :63 - Click on find next Car :[[ChromeDriver: chrome on WINDOWS (db3dba791431fafe94833b41fadfed9b)] -> id: search-submit]
2023-05-18 18:05:350 INFO  NewUsedCarPage :68 - Verify the result :[[ChromeDriver: chrome on WINDOWS (db3dba791431fafe94833b41fadfed9b)] -> xpath: //h1[@class='listing-search-title']]
2023-05-18 18:05:524 INFO  HomePage :36 - Mouse hover on Buy and Sell[[ChromeDriver: chrome on WINDOWS (652d76a37d8f3e88f0268da97de41fd2)] -> link text: buy + sell]
2023-05-18 18:05:574 INFO  HomePage :45 - Click on Used link :[[ChromeDriver: chrome on WINDOWS (652d76a37d8f3e88f0268da97de41fd2)] -> xpath: //a[normalize-space()='Used']]
2023-05-18 18:05:745 INFO  NewUsedCarPage :47 - Select car make :[[ChromeDriver: chrome on WINDOWS (652d76a37d8f3e88f0268da97de41fd2)] -> id: makes]
2023-05-18 18:05:324 INFO  NewUsedCarPage :51 - Select Car Model [[ChromeDriver: chrome on WINDOWS (652d76a37d8f3e88f0268da97de41fd2)] -> id: models]
2023-05-18 18:05:551 INFO  NewUsedCarPage :55 - Select location form drop down :[[ChromeDriver: chrome on WINDOWS (652d76a37d8f3e88f0268da97de41fd2)] -> id: locations]
2023-05-18 18:05:766 INFO  NewUsedCarPage :59 - Select price from dropdown :[[ChromeDriver: chrome on WINDOWS (652d76a37d8f3e88f0268da97de41fd2)] -> id: priceTo]
2023-05-18 18:05:931 INFO  NewUsedCarPage :63 - Click on find next Car :[[ChromeDriver: chrome on WINDOWS (652d76a37d8f3e88f0268da97de41fd2)] -> id: search-submit]
2023-05-18 18:05:975 INFO  NewUsedCarPage :68 - Verify the result :[[ChromeDriver: chrome on WINDOWS (652d76a37d8f3e88f0268da97de41fd2)] -> xpath: //h1[@class='listing-search-title']]
2023-05-18 18:05:585 INFO  HomePage :36 - Mouse hover on Buy and Sell[[ChromeDriver: chrome on WINDOWS (831718a162a89893efeffa369a58685f)] -> link text: buy + sell]
2023-05-18 18:05:610 INFO  HomePage :45 - Click on Used link :[[ChromeDriver: chrome on WINDOWS (831718a162a89893efeffa369a58685f)] -> xpath: //a[normalize-space()='Used']]
2023-05-18 18:05:716 INFO  NewUsedCarPage :47 - Select car make :[[ChromeDriver: chrome on WINDOWS (831718a162a89893efeffa369a58685f)] -> id: makes]
2023-05-18 18:05:886 INFO  NewUsedCarPage :51 - Select Car Model [[ChromeDriver: chrome on WINDOWS (831718a162a89893efeffa369a58685f)] -> id: models]
2023-05-18 18:05:46 INFO  NewUsedCarPage :55 - Select location form drop down :[[ChromeDriver: chrome on WINDOWS (831718a162a89893efeffa369a58685f)] -> id: locations]
2023-05-18 18:05:239 INFO  NewUsedCarPage :59 - Select price from dropdown :[[ChromeDriver: chrome on WINDOWS (831718a162a89893efeffa369a58685f)] -> id: priceTo]
2023-05-18 18:05:374 INFO  NewUsedCarPage :63 - Click on find next Car :[[ChromeDriver: chrome on WINDOWS (831718a162a89893efeffa369a58685f)] -> id: search-submit]
2023-05-18 18:05:589 INFO  NewUsedCarPage :68 - Verify the result :[[ChromeDriver: chrome on WINDOWS (831718a162a89893efeffa369a58685f)] -> xpath: //h1[@class='listing-search-title']]
2023-05-18 18:05:914 INFO  HomePage :36 - Mouse hover on Buy and Sell[[ChromeDriver: chrome on WINDOWS (261ee6e4ddb886185558e02b1b4f7ed5)] -> link text: buy + sell]
2023-05-18 18:05:119 INFO  HomePage :45 - Click on Used link :[[ChromeDriver: chrome on WINDOWS (261ee6e4ddb886185558e02b1b4f7ed5)] -> xpath: //a[normalize-space()='Used']]
2023-05-18 18:05:121 INFO  NewUsedCarPage :47 - Select car make :[[ChromeDriver: chrome on WINDOWS (261ee6e4ddb886185558e02b1b4f7ed5)] -> id: makes]
2023-05-18 18:05:310 INFO  NewUsedCarPage :51 - Select Car Model [[ChromeDriver: chrome on WINDOWS (261ee6e4ddb886185558e02b1b4f7ed5)] -> id: models]
2023-05-18 18:05:551 INFO  NewUsedCarPage :55 - Select location form drop down :[[ChromeDriver: chrome on WINDOWS (261ee6e4ddb886185558e02b1b4f7ed5)] -> id: locations]
2023-05-18 18:05:696 INFO  NewUsedCarPage :59 - Select price from dropdown :[[ChromeDriver: chrome on WINDOWS (261ee6e4ddb886185558e02b1b4f7ed5)] -> id: priceTo]
2023-05-18 18:05:855 INFO  NewUsedCarPage :63 - Click on find next Car :[[ChromeDriver: chrome on WINDOWS (261ee6e4ddb886185558e02b1b4f7ed5)] -> id: search-submit]
2023-05-18 18:05:964 INFO  NewUsedCarPage :68 - Verify the result :[[ChromeDriver: chrome on WINDOWS (261ee6e4ddb886185558e02b1b4f7ed5)] -> xpath: //h1[@class='listing-search-title']]
2023-05-18 18:05:425 INFO  HomePage :36 - Mouse hover on Buy and Sell[[ChromeDriver: chrome on WINDOWS (7d8dddf508a3a61c8450ab490b78777a)] -> link text: buy + sell]
2023-05-18 18:05:492 INFO  HomePage :45 - Click on Used link :[[ChromeDriver: chrome on WINDOWS (7d8dddf508a3a61c8450ab490b78777a)] -> xpath: //a[normalize-space()='Used']]
2023-05-18 18:05:508 INFO  NewUsedCarPage :47 - Select car make :[[ChromeDriver: chrome on WINDOWS (7d8dddf508a3a61c8450ab490b78777a)] -> id: makes]
2023-05-18 18:05:699 INFO  NewUsedCarPage :51 - Select Car Model [[ChromeDriver: chrome on WINDOWS (7d8dddf508a3a61c8450ab490b78777a)] -> id: models]
2023-05-18 18:05:743 INFO  HomePage :36 - Mouse hover on Buy and Sell[[ChromeDriver: chrome on WINDOWS (8ee507b1d315d525013c1b0ff7b3e4c0)] -> link text: buy + sell]
2023-05-18 18:05:972 INFO  HomePage :45 - Click on Used link :[[ChromeDriver: chrome on WINDOWS (8ee507b1d315d525013c1b0ff7b3e4c0)] -> xpath: //a[normalize-space()='Used']]
2023-05-18 18:05:234 INFO  NewUsedCarPage :47 - Select car make :[[ChromeDriver: chrome on WINDOWS (8ee507b1d315d525013c1b0ff7b3e4c0)] -> id: makes]
2023-05-18 18:05:587 INFO  NewUsedCarPage :51 - Select Car Model [[ChromeDriver: chrome on WINDOWS (8ee507b1d315d525013c1b0ff7b3e4c0)] -> id: models]
2023-05-18 18:05:316 INFO  NewUsedCarPage :55 - Select location form drop down :[[ChromeDriver: chrome on WINDOWS (8ee507b1d315d525013c1b0ff7b3e4c0)] -> id: locations]
2023-05-18 18:05:521 INFO  NewUsedCarPage :59 - Select price from dropdown :[[ChromeDriver: chrome on WINDOWS (8ee507b1d315d525013c1b0ff7b3e4c0)] -> id: priceTo]
2023-05-18 18:05:677 INFO  NewUsedCarPage :63 - Click on find next Car :[[ChromeDriver: chrome on WINDOWS (8ee507b1d315d525013c1b0ff7b3e4c0)] -> id: search-submit]
2023-05-18 18:05:391 INFO  NewUsedCarPage :68 - Verify the result :[[ChromeDriver: chrome on WINDOWS (8ee507b1d315d525013c1b0ff7b3e4c0)] -> xpath: //h1[@class='listing-search-title']]
2023-05-18 18:05:793 INFO  HomePage :36 - Mouse hover on Buy and Sell[[ChromeDriver: chrome on WINDOWS (0574c43510542d66a720e6423f4568bd)] -> link text: buy + sell]
2023-05-18 18:05:860 INFO  HomePage :45 - Click on Used link :[[ChromeDriver: chrome on WINDOWS (0574c43510542d66a720e6423f4568bd)] -> xpath: //a[normalize-space()='Used']]
2023-05-18 18:05:492 INFO  NewUsedCarPage :47 - Select car make :[[ChromeDriver: chrome on WINDOWS (0574c43510542d66a720e6423f4568bd)] -> id: makes]
2023-05-18 18:05:257 INFO  NewUsedCarPage :51 - Select Car Model [[ChromeDriver: chrome on WINDOWS (0574c43510542d66a720e6423f4568bd)] -> id: models]
2023-05-18 18:05:705 INFO  NewUsedCarPage :55 - Select location form drop down :[[ChromeDriver: chrome on WINDOWS (0574c43510542d66a720e6423f4568bd)] -> id: locations]
2023-05-18 18:05:916 INFO  NewUsedCarPage :59 - Select price from dropdown :[[ChromeDriver: chrome on WINDOWS (0574c43510542d66a720e6423f4568bd)] -> id: priceTo]
2023-05-18 18:05:102 INFO  NewUsedCarPage :63 - Click on find next Car :[[ChromeDriver: chrome on WINDOWS (0574c43510542d66a720e6423f4568bd)] -> id: search-submit]
2023-05-18 18:05:237 INFO  NewUsedCarPage :68 - Verify the result :[[ChromeDriver: chrome on WINDOWS (0574c43510542d66a720e6423f4568bd)] -> xpath: //h1[@class='listing-search-title']]
2023-05-18 18:05:604 INFO  HomePage :36 - Mouse hover on Buy and Sell[[ChromeDriver: chrome on WINDOWS (a6e3e5fe23205240e0f13727ef3767f5)] -> link text: buy + sell]
2023-05-18 18:05:962 INFO  FindDealPage :25 - Click on find dealer link :[[ChromeDriver: chrome on WINDOWS (a6e3e5fe23205240e0f13727ef3767f5)] -> link text: Find a Dealer]
